Process:         ft_ls [39491]
Path:            /Users/itiievsk/work/ft_ls/ft_ls
Load Address:    0x108a90000
Identifier:      ft_ls
Version:         ???
Code Type:       X86-64
Parent Process:  zsh [2230]

Date/Time:       2018-08-09 16:07:38.537 +0300
Launch Time:     2018-08-09 16:07:38.079 +0300
OS Version:      Mac OS X 10.13.3 (17D47)
Report Version:  7
Analysis Tool:   /Applications/Xcode.app/Contents/Developer/usr/bin/leaks
Analysis Tool Version:  Xcode 9.2 (9C40b)
----

leaks Report Version:  2.0
Process 39491: 287 nodes malloced for 37 KB
Process 39491: 122 leaks for 23968 total leaked bytes.
Leak: 0x7fb298c026f0  size=160  zone: DefaultMallocZone_0x108a9b000
	0x00000003 0x40000000 0x00000000 0x00000000 	.......@........
	0x00000000 0x00000000 0x99001000 0x00007fb2 	................
	0x00001000 0x00000000 0x00000000 0x00000000 	................
	0x00000000 0x00000000 0x00000003 0x00000000 	................
	0x32aaaba7 0x00000000 0x00000000 0x00000000 	...2............
	0x00000000 0x00000000 0x00000000 0x00000000 	................
	0x00000000 0x00000000 0x00000000 0x00000000 	................
	0x00000000 0x00000000 0x00000000 0x00000000 	................
	...
Leak: 0x7fb298c02880  size=160  zone: DefaultMallocZone_0x108a9b000
	0x00000004 0x00000000 0x00000000 0x00000000 	................
	0x00000000 0x00000000 0x99002000 0x00007fb2 	......... ......
	0x00001000 0x00000000 0x00000000 0x00000000 	................
	0x00000000 0x00000000 0x00000003 0x00000000 	................
	0x32aaaba7 0x00000000 0x00000000 0x00000000 	...2............
	0x00000000 0x00000000 0x00000000 0x00000000 	................
	0x00000000 0x00000000 0x00000000 0x00000000 	................
	0x00000000 0x00000000 0x00000000 0x00000000 	................
	...
Leak: 0x7fb298c02a10  size=160  zone: DefaultMallocZone_0x108a9b000
	0x00000005 0x00000000 0x00000000 0x00000000 	................
	0x00000000 0x00000000 0x99003000 0x00007fb2 	.........0......
	0x00001000 0x00000000 0x00000000 0x00000000 	................
	0x00000000 0x00000000 0x00000003 0x00000000 	................
	0x4d55545a 0x00000000 0x00000000 0x00002060 	ZTUM........` ..
	0x00000000 0x4d55545a 0x00000000 0x00000000 	....ZTUM........
	0x00001700 0x00001700 0xffffffff 0xffffffff 	................
	0x673fd5af 0xffff804d 0x4d55545a 0x4d55545a 	..?gM...ZTUMZTUM
	...
Leak: 0x7fb298c02ab0  size=16  zone: DefaultMallocZone_0x108a9b000  length: 1  "."
Leak: 0x7fb298c02ac0  size=192  zone: DefaultMallocZone_0x108a9b000
	0x98c03450 0x00007fb2 0x98c03460 0x00007fb2 	P4......`4......
	0x98c03470 0x00007fb2 0x01000006 0x000181a4 	p4..............
	0x0012faa8 0x00000000 0x00001744 0x0000107a 	........D...z...
	0x00000000 0x00000000 0x5b6c3c90 0x00000000 	.........<l[....
	0x00000000 0x00000000 0x5b6c3c14 0x00000000 	.........<l[....
	0x00000000 0x00000000 0x5b6c3c14 0x00000000 	.........<l[....
	0x00000000 0x00000000 0x5b67f5cb 0x00000000 	..........g[....
	0x00000000 0x00000000 0x00000589 0x00000000 	................
	...
Leak: 0x7fb298c02b80  size=16  zone: DefaultMallocZone_0x108a9b000  length: 6  "author"
Leak: 0x7fb298c02b90  size=16  zone: DefaultMallocZone_0x108a9b000  length: 1  "."
Leak: 0x7fb298c02ba0  size=16  zone: DefaultMallocZone_0x108a9b000  length: 6  "author"
Leak: 0x7fb298c02bb0  size=192  zone: DefaultMallocZone_0x108a9b000
	0x98c03270 0x00007fb2 0x98c03280 0x00007fb2 	p2.......2......
	0x98c03290 0x00007fb2 0x01000006 0x000181a4 	.2..............
	0x001308f5 0x00000000 0x00001744 0x0000107a 	........D...z...
	0x00000000 0x00000000 0x5b6c3c15 0x00000000 	.........<l[....
	0x00000000 0x00000000 0x5b6c3bdf 0x00000000 	.........;l[....
	0x00000000 0x00000000 0x5b6c3bdf 0x00000000 	.........;l[....
	0x00000000 0x00000000 0x5b68468b 0x00000000 	.........Fh[....
	0x00000000 0x00000000 0x00012970 0x00000000 	........p)......
	...
Leak: 0x7fb298c02c70  size=16  zone: DefaultMallocZone_0x108a9b000  length: 4  "diff"
Leak: 0x7fb298c02c80  size=16  zone: DefaultMallocZone_0x108a9b000  length: 1  "."
Leak: 0x7fb298c02c90  size=16  zone: DefaultMallocZone_0x108a9b000  length: 4  "diff"
Leak: 0x7fb298c02ca0  size=192  zone: DefaultMallocZone_0x108a9b000
	0x98c02f80 0x00007fb2 0x98c02f90 0x00007fb2 	./......./......
	0x98c02fa0 0x00007fb2 0x01000006 0x000181ed 	./..............
	0x00140a0f 0x00000000 0x00001744 0x0000107a 	........D...z...
	0x00000000 0x00000000 0x5b6c3c9a 0x00000000 	.........<l[....
	0x00000000 0x00000000 0x5b6c3bd7 0x00000000 	.........;l[....
	0x00000000 0x00000000 0x5b6c3bd7 0x00000000 	.........;l[....
	0x00000000 0x00000000 0x5b6c3bd7 0x00000000 	.........;l[....
	0x00000000 0x00000000 0x00008054 0x00000000 	........T.......
	...
Leak: 0x7fb298c02d60  size=32  zone: DefaultMallocZone_0x108a9b000  length: 17  "display_columns.c"
Leak: 0x7fb298c02d80  size=16  zone: DefaultMallocZone_0x108a9b000  length: 1  "."
Leak: 0x7fb298c02d90  size=32  zone: DefaultMallocZone_0x108a9b000  length: 17  "display_columns.c"
Leak: 0x7fb298c02db0  size=192  zone: DefaultMallocZone_0x108a9b000
	0x98c03360 0x00007fb2 0x98c03370 0x00007fb2 	`3......p3......
	0x98c03380 0x00007fb2 0x01000006 0x005741ed 	.3...........AW.
	0x0012f8de 0x00000000 0x00001744 0x0000107a 	........D...z...
	0x00000000 0x00000000 0x5b6c3c80 0x00000000 	.........<l[....
	0x00000000 0x00000000 0x5b6c3bd2 0x00000000 	.........;l[....
	0x00000000 0x00000000 0x5b6c3bd2 0x00000000 	.........;l[....
	0x00000000 0x00000000 0x5b65674b 0x00000000 	........Kge[....
	0x00000000 0x00000000 0x00000b8e 0x00000000 	................
	...
Leak: 0x7fb298c02e70  size=32  zone: DefaultMallocZone_0x108a9b000  length: 17  "flag_validation.c"
Leak: 0x7fb298c02e90  size=16  zone: DefaultMallocZone_0x108a9b000  length: 1  "."
Leak: 0x7fb298c02ea0  size=32  zone: DefaultMallocZone_0x108a9b000  length: 17  "flag_validation.c"
Leak: 0x7fb298c02ec0  size=192  zone: DefaultMallocZone_0x108a9b000
	0x98c03630 0x00007fb2 0x98c03640 0x00007fb2 	06......@6......
	0x98c03650 0x00007fb2 0x01000006 0x000b41ed 	P6...........A..
	0x001409b5 0x00000000 0x00001744 0x0000107a 	........D...z...
	0x00000000 0x00000000 0x5b6c3c81 0x00000000 	.........<l[....
	0x00000000 0x00000000 0x5b6c3bd2 0x00000000 	.........;l[....
	0x00000000 0x00000000 0x5b6c3bd2 0x00000000 	.........;l[....
	0x00000000 0x00000000 0x5b6c3bd1 0x00000000 	.........;l[....
	0x00000000 0x00000000 0x00000176 0x00000000 	........v.......
	...
Leak: 0x7fb298c02f80  size=16  zone: DefaultMallocZone_0x108a9b000  length: 5  "ft_ls"
Leak: 0x7fb298c02f90  size=16  zone: DefaultMallocZone_0x108a9b000  length: 1  "."
Leak: 0x7fb298c02fa0  size=16  zone: DefaultMallocZone_0x108a9b000  length: 5  "ft_ls"
Leak: 0x7fb298c02fb0  size=192  zone: DefaultMallocZone_0x108a9b000
	0x98c02d60 0x00007fb2 0x98c02d80 0x00007fb2 	`-.......-......
	0x98c02d90 0x00007fb2 0x01000006 0x000181a4 	.-..............
	0x001335cc 0x00000000 0x00001744 0x0000107a 	.5......D...z...
	0x00000000 0x00000000 0x5b6c3bd2 0x00000000 	.........;l[....
	0x00000000 0x00000000 0x5b6c39d0 0x00000000 	.........9l[....
	0x00000000 0x00000000 0x5b6c39d0 0x00000000 	.........9l[....
	0x00000000 0x00000000 0x5b6adba1 0x00000000 	..........j[....
	0x00000000 0x00000000 0x000004da 0x00000000 	................
	...
Leak: 0x7fb298c03070  size=16  zone: DefaultMallocZone_0x108a9b000  length: 7  "ft_ls.h"
Leak: 0x7fb298c03080  size=16  zone: DefaultMallocZone_0x108a9b000  length: 1  "."
Leak: 0x7fb298c03090  size=16  zone: DefaultMallocZone_0x108a9b000  length: 7  "ft_ls.h"
Leak: 0x7fb298c030a0  size=192  zone: DefaultMallocZone_0x108a9b000
	0x98c03ae0 0x00007fb2 0x98c03af0 0x00007fb2 	.:.......:......
	0x98c03b00 0x00007fb2 0x01000006 0x000181a4 	.;..............
	0x00133760 0x00000000 0x00001744 0x0000107a 	`7......D...z...
	0x00000000 0x00000000 0x5b6c3bd2 0x00000000 	.........;l[....
	0x00000000 0x00000000 0x5b6c38fc 0x00000000 	.........8l[....
	0x00000000 0x00000000 0x5b6c38fc 0x00000000 	.........8l[....
	0x00000000 0x00000000 0x5b6af126 0x00000000 	........&.j[....
	0x00000000 0x00000000 0x0000073b 0x00000000 	........;.......
	...
Leak: 0x7fb298c03160  size=32  zone: DefaultMallocZone_0x108a9b000  length: 16  "handle_objects.c"
Leak: 0x7fb298c03180  size=16  zone: DefaultMallocZone_0x108a9b000  length: 1  "."
Leak: 0x7fb298c03190  size=32  zone: DefaultMallocZone_0x108a9b000  length: 16  "handle_objects.c"
Leak: 0x7fb298c031b0  size=192  zone: DefaultMallocZone_0x108a9b000
	0x98c03160 0x00007fb2 0x98c03180 0x00007fb2 	`1.......1......
	0x98c03190 0x00007fb2 0x01000006 0x000181a4 	.1..............
	0x00132026 0x00000000 0x00001744 0x0000107a 	& ......D...z...
	0x00000000 0x00000000 0x5b6c3bd2 0x00000000 	.........;l[....
	0x00000000 0x00000000 0x5b6c340b 0x00000000 	.........4l[....
	0x00000000 0x00000000 0x5b6c340b 0x00000000 	.........4l[....
	0x00000000 0x00000000 0x5b69b674 0x00000000 	........t.i[....
	0x00000000 0x00000000 0x000006a2 0x00000000 	................
	...
Leak: 0x7fb298c03270  size=16  zone: DefaultMallocZone_0x108a9b000  length: 9  "leaks.out"
Leak: 0x7fb298c03280  size=16  zone: DefaultMallocZone_0x108a9b000  length: 1  "."
Leak: 0x7fb298c03290  size=16  zone: DefaultMallocZone_0x108a9b000  length: 9  "leaks.out"
Leak: 0x7fb298c032a0  size=192  zone: DefaultMallocZone_0x108a9b000
	0x98c02e70 0x00007fb2 0x98c02e90 0x00007fb2 	p...............
	0x98c02ea0 0x00007fb2 0x01000006 0x000181a4 	................
	0x001306ca 0x00000000 0x00001744 0x0000107a 	........D...z...
	0x00000000 0x00000000 0x5b6c3bd2 0x00000000 	.........;l[....
	0x00000000 0x00000000 0x5b6c30a8 0x00000000 	.........0l[....
	0x00000000 0x00000000 0x5b6c30a8 0x00000000 	.........0l[....
	0x00000000 0x00000000 0x5b680588 0x00000000 	..........h[....
	0x00000000 0x00000000 0x000007eb 0x00000000 	................
	...
Leak: 0x7fb298c03360  size=16  zone: DefaultMallocZone_0x108a9b000  length: 5  "libft"
Leak: 0x7fb298c03370  size=16  zone: DefaultMallocZone_0x108a9b000  length: 1  "."
Leak: 0x7fb298c03380  size=16  zone: DefaultMallocZone_0x108a9b000  length: 5  "libft"
Leak: 0x7fb298c03390  size=192  zone: DefaultMallocZone_0x108a9b000
	0x98c03900 0x00007fb2 0x98c03910 0x00007fb2 	.9.......9......
	0x98c03920 0x00007fb2 0x01000006 0x000181a4 	 9..............
	0x001338a6 0x00000000 0x00001744 0x0000107a 	.8......D...z...
	0x00000000 0x00000000 0x5b6c3bd2 0x00000000 	.........;l[....
	0x00000000 0x00000000 0x5b6c2ebd 0x00000000 	..........l[....
	0x00000000 0x00000000 0x5b6c2ebd 0x00000000 	..........l[....
	0x00000000 0x00000000 0x5b6b0713 0x00000000 	..........k[....
	0x00000000 0x00000000 0x000007f9 0x00000000 	................
	...
Leak: 0x7fb298c03450  size=16  zone: DefaultMallocZone_0x108a9b000  length: 6  "main.c"
Leak: 0x7fb298c03460  size=16  zone: DefaultMallocZone_0x108a9b000  length: 1  "."
Leak: 0x7fb298c03470  size=16  zone: DefaultMallocZone_0x108a9b000  length: 6  "main.c"
Leak: 0x7fb298c03480  size=192  zone: DefaultMallocZone_0x108a9b000
	0x98c03070 0x00007fb2 0x98c03080 0x00007fb2 	p0.......0......
	0x98c03090 0x00007fb2 0x01000006 0x000181a4 	.0..............
	0x0012faa1 0x00000000 0x00001744 0x0000107a 	........D...z...
	0x00000000 0x00000000 0x5b6c3bd2 0x00000000 	.........;l[....
	0x00000000 0x00000000 0x5b6c2a51 0x00000000 	........Q*l[....
	0x00000000 0x00000000 0x5b6c2a51 0x00000000 	........Q*l[....
	0x00000000 0x00000000 0x5b67f593 0x00000000 	..........g[....
	0x00000000 0x00000000 0x00000864 0x00000000 	........d.......
	...
Leak: 0x7fb298c03540  size=16  zone: DefaultMallocZone_0x108a9b000  length: 8  "Makefile"
Leak: 0x7fb298c03550  size=16  zone: DefaultMallocZone_0x108a9b000  length: 1  "."
Leak: 0x7fb298c03560  size=16  zone: DefaultMallocZone_0x108a9b000  length: 8  "Makefile"
Leak: 0x7fb298c03570  size=192  zone: DefaultMallocZone_0x108a9b000
	0x98c03cc0 0x00007fb2 0x98c03cd0 0x00007fb2 	.<.......<......
	0x98c03ce0 0x00007fb2 0x01000006 0x000181a4 	.<..............
	0x00130733 0x00000000 0x00001744 0x0000107a 	3.......D...z...
	0x00000000 0x00000000 0x5b6c3bd2 0x00000000 	.........;l[....
	0x00000000 0x00000000 0x5b6c1e81 0x00000000 	..........l[....
	0x00000000 0x00000000 0x5b6c1e81 0x00000000 	..........l[....
	0x00000000 0x00000000 0x5b682faf 0x00000000 	........./h[....
	0x00000000 0x00000000 0x000004aa 0x00000000 	................
	...
Leak: 0x7fb298c03630  size=16  zone: DefaultMallocZone_0x108a9b000  length: 3  "obj"
Leak: 0x7fb298c03640  size=16  zone: DefaultMallocZone_0x108a9b000  length: 1  "."
Leak: 0x7fb298c03650  size=16  zone: DefaultMallocZone_0x108a9b000  length: 3  "obj"
Leak: 0x7fb298c03660  size=192  zone: DefaultMallocZone_0x108a9b000
	0x98c02c70 0x00007fb2 0x98c02c80 0x00007fb2 	p,.......,......
	0x98c02c90 0x00007fb2 0x01000006 0x000181a4 	.,..............
	0x001338a9 0x00000000 0x00001744 0x0000107a 	.8......D...z...
	0x00000000 0x00000000 0x5b6c3ba4 0x00000000 	.........;l[....
	0x00000000 0x00000000 0x5b6bf4e4 0x00000000 	..........k[....
	0x00000000 0x00000000 0x5b6bf4e4 0x00000000 	..........k[....
	0x00000000 0x00000000 0x5b6b0970 0x00000000 	........p.k[....
	0x00000000 0x00000000 0x0000007e 0x00000000 	........~.......
	...
Leak: 0x7fb298c03720  size=16  zone: DefaultMallocZone_0x108a9b000  length: 3  "out"
Leak: 0x7fb298c03730  size=16  zone: DefaultMallocZone_0x108a9b000  length: 1  "."
Leak: 0x7fb298c03740  size=16  zone: DefaultMallocZone_0x108a9b000  length: 3  "out"
Leak: 0x7fb298c03750  size=192  zone: DefaultMallocZone_0x108a9b000
	0x98c039f0 0x00007fb2 0x98c03a00 0x00007fb2 	.9.......:......
	0x98c03a10 0x00007fb2 0x01000006 0x000181a4 	.:..............
	0x00133b18 0x00000000 0x00001744 0x0000107a 	.;......D...z...
	0x00000000 0x00000000 0x5b6c3bd2 0x00000000 	.........;l[....
	0x00000000 0x00000000 0x5b6b271c 0x00000000 	.........'k[....
	0x00000000 0x00000000 0x5b6b271c 0x00000000 	.........'k[....
	0x00000000 0x00000000 0x5b6b26f0 0x00000000 	.........&k[....
	0x00000000 0x00000000 0x00000446 0x00000000 	........F.......
	...
Leak: 0x7fb298c03810  size=16  zone: DefaultMallocZone_0x108a9b000  length: 6  "quit.c"
Leak: 0x7fb298c03820  size=16  zone: DefaultMallocZone_0x108a9b000  length: 1  "."
Leak: 0x7fb298c03830  size=16  zone: DefaultMallocZone_0x108a9b000  length: 6  "quit.c"
Leak: 0x7fb298c03840  size=192  zone: DefaultMallocZone_0x108a9b000
	0x98c03540 0x00007fb2 0x98c03550 0x00007fb2 	@5......P5......
	0x98c03560 0x00007fb2 0x01000006 0x000181a4 	`5..............
	0x0012fa9c 0x00000000 0x00001744 0x0000107a 	........D...z...
	0x00000000 0x00000000 0x5b6c3bd1 0x00000000 	.........;l[....
	0x00000000 0x00000000 0x5b6b26fb 0x00000000 	.........&k[....
	0x00000000 0x00000000 0x5b6b26fb 0x00000000 	.........&k[....
	0x00000000 0x00000000 0x5b67f582 0x00000000 	..........g[....
	0x00000000 0x00000000 0x00000697 0x00000000 	................
	...
Leak: 0x7fb298c03900  size=16  zone: DefaultMallocZone_0x108a9b000  length: 11  "sort_list.c"
Leak: 0x7fb298c03910  size=16  zone: DefaultMallocZone_0x108a9b000  length: 1  "."
Leak: 0x7fb298c03920  size=16  zone: DefaultMallocZone_0x108a9b000  length: 11  "sort_list.c"
Leak: 0x7fb298c03930  size=192  zone: DefaultMallocZone_0x108a9b000
	0x98c03720 0x00007fb2 0x98c03730 0x00007fb2 	 7......07......
	0x98c03740 0x00007fb2 0x01000006 0x000181a4 	@7..............
	0x00133aa7 0x00000000 0x00001744 0x0000107a 	.:......D...z...
	0x00000000 0x00000000 0x5b6b2ae3 0x00000000 	.........*k[....
	0x00000000 0x00000000 0x5b6b1fbc 0x00000000 	..........k[....
	0x00000000 0x00000000 0x5b6b1fbc 0x00000000 	..........k[....
	0x00000000 0x00000000 0x5b6b1da1 0x00000000 	..........k[....
	0x00000000 0x00000000 0x000003a2 0x00000000 	................
	...
Leak: 0x7fb298c039f0  size=16  zone: DefaultMallocZone_0x108a9b000  length: 7  "swaps.c"
Leak: 0x7fb298c03a00  size=16  zone: DefaultMallocZone_0x108a9b000  length: 1  "."
Leak: 0x7fb298c03a10  size=16  zone: DefaultMallocZone_0x108a9b000  length: 7  "swaps.c"
Leak: 0x7fb298c03a20  size=192  zone: DefaultMallocZone_0x108a9b000
	0x98c03bd0 0x00007fb2 0x98c03be0 0x00007fb2 	.;.......;......
	0x98c03bf0 0x00007fb2 0x01000006 0x000241ed 	.;...........A..
	0x001335ac 0x00000000 0x00001744 0x0000107a 	.5......D...z...
	0x00000000 0x00000000 0x5b6c3c81 0x00000000 	.........<l[....
	0x00000000 0x00000000 0x5b6ad01c 0x00000000 	..........j[....
	0x00000000 0x00000000 0x5b6ad01c 0x00000000 	..........j[....
	0x00000000 0x00000000 0x5b6ad01c 0x00000000 	..........j[....
	0x00000000 0x00000000 0x00000044 0x00000000 	........D.......
	...
Leak: 0x7fb298c03ae0  size=16  zone: DefaultMallocZone_0x108a9b000  length: 8  "t_file.c"
Leak: 0x7fb298c03af0  size=16  zone: DefaultMallocZone_0x108a9b000  length: 1  "."
Leak: 0x7fb298c03b00  size=16  zone: DefaultMallocZone_0x108a9b000  length: 8  "t_file.c"
Leak: 0x7fb298c03b10  size=192  zone: DefaultMallocZone_0x108a9b000
	0x98c03810 0x00007fb2 0x98c03820 0x00007fb2 	.8...... 8......
	0x98c03830 0x00007fb2 0x01000006 0x000181a4 	08..............
	0x00130709 0x00000000 0x00001744 0x0000107a 	........D...z...
	0x00000000 0x00000000 0x5b6c3bd2 0x00000000 	.........;l[....
	0x00000000 0x00000000 0x5b68471d 0x00000000 	.........Gh[....
	0x00000000 0x00000000 0x5b68471d 0x00000000 	.........Gh[....
	0x00000000 0x00000000 0x5b682aa6 0x00000000 	.........*h[....
	0x00000000 0x00000000 0x0000047a 0x00000000 	........z.......
	...
Leak: 0x7fb298c03bd0  size=16  zone: DefaultMallocZone_0x108a9b000  length: 4  "test"
Leak: 0x7fb298c03be0  size=16  zone: DefaultMallocZone_0x108a9b000  length: 1  "."
Leak: 0x7fb298c03bf0  size=16  zone: DefaultMallocZone_0x108a9b000  length: 4  "test"
Leak: 0x7fb298c03c00  size=192  zone: DefaultMallocZone_0x108a9b000
	0x98c02b80 0x00007fb2 0x98c02b90 0x00007fb2 	.+.......+......
	0x98c02ba0 0x00007fb2 0x01000006 0x000181a4 	.+..............
	0x0012f931 0x00000000 0x00001744 0x0000107a 	1.......D...z...
	0x00000000 0x00000000 0x5b6847d9 0x00000000 	.........Gh[....
	0x00000000 0x00000000 0x5b18d475 0x00000000 	........u..[....
	0x00000000 0x00000000 0x5b67f497 0x00000000 	..........g[....
	0x00000000 0x00000000 0x5b18d475 0x00000000 	........u..[....
	0x00000000 0x00000000 0x00000009 0x00000000 	................
	...
Leak: 0x7fb298c03cc0  size=16  zone: DefaultMallocZone_0x108a9b000  length: 7  "utils.c"
Leak: 0x7fb298c03cd0  size=16  zone: DefaultMallocZone_0x108a9b000  length: 1  "."
Leak: 0x7fb298c03ce0  size=16  zone: DefaultMallocZone_0x108a9b000  length: 7  "utils.c"
Leak: 0x7fb298c03cf0  size=32  zone: DefaultMallocZone_0x108a9b000  length: 17  "flag_validation.o"
Leak: 0x7fb298c03d10  size=16  zone: DefaultMallocZone_0x108a9b000  length: 3  "obj"
Leak: 0x7fb298c03d20  size=32  zone: DefaultMallocZone_0x108a9b000  length: 21  "obj/flag_validation.o"
Leak: 0x7fb298c03d40  size=16  zone: DefaultMallocZone_0x108a9b000  length: 6  "main.o"
Leak: 0x7fb298c03d50  size=16  zone: DefaultMallocZone_0x108a9b000  length: 3  "obj"
Leak: 0x7fb298c03d60  size=32  zone: DefaultMallocZone_0x108a9b000  length: 17  "display_columns.o"
Leak: 0x7fb298c03d80  size=160  zone: DefaultMallocZone_0x108a9b000
	0x00000006 0x00000000 0x00000000 0x00000000 	................
	0x00000000 0x00000000 0x99004000 0x00007fb2 	.........@......
	0x00001000 0x00000000 0x00000000 0x00000000 	................
	0x00000000 0x00000000 0x00000003 0x00000000 	................
	0x4d55545a 0x00000000 0x00000000 0x00002060 	ZTUM........` ..
	0x00000000 0x4d55545a 0x00000000 0x00000000 	....ZTUM........
	0x00000c00 0x00000c00 0xffffffff 0xffffffff 	................
	0x673fc23f 0xffff804d 0x4d55545a 0x4d55545a 	?.?gM...ZTUMZTUM
	...
Leak: 0x7fb298c03e20  size=192  zone: DefaultMallocZone_0x108a9b000
	0x98c03d60 0x00007fb2 0x98c03ee0 0x00007fb2 	`=.......>......
	0x98c03f00 0x00007fb2 0x01000006 0x000181a4 	.?..............
	0x001409bb 0x00000000 0x00001744 0x0000107a 	........D...z...
	0x00000000 0x00000000 0x5b6c3bd7 0x00000000 	.........;l[....
	0x00000000 0x00000000 0x5b6c3bd2 0x00000000 	.........;l[....
	0x00000000 0x00000000 0x5b6c3bd2 0x00000000 	.........;l[....
	0x00000000 0x00000000 0x5b6c3bd2 0x00000000 	.........;l[....
	0x00000000 0x00000000 0x00000350 0x00000000 	........P.......
	...
Leak: 0x7fb298c03ee0  size=16  zone: DefaultMallocZone_0x108a9b000  length: 3  "obj"
Leak: 0x7fb298c03ef0  size=16  zone: DefaultMallocZone_0x108a9b000  length: 3  "obj"
Leak: 0x7fb298c03f00  size=32  zone: DefaultMallocZone_0x108a9b000  length: 21  "obj/display_columns.o"
Leak: 0x7fb298c03f20  size=192  zone: DefaultMallocZone_0x108a9b000
	0x98c03cf0 0x00007fb2 0x98c03ef0 0x00007fb2 	.<.......>......
	0x98c03d20 0x00007fb2 0x01000006 0x000181a4 	 =..............
	0x001409b7 0x00000000 0x00001744 0x0000107a 	........D...z...
	0x00000000 0x00000000 0x5b6c3bd7 0x00000000 	.........;l[....
	0x00000000 0x00000000 0x5b6c3bd2 0x00000000 	.........;l[....
	0x00000000 0x00000000 0x5b6c3bd2 0x00000000 	.........;l[....
	0x00000000 0x00000000 0x5b6c3bd2 0x00000000 	.........;l[....
	0x00000000 0x00000000 0x0000084c 0x00000000 	........L.......
	...
Leak: 0x7fb298c03fe0  size=192  zone: DefaultMallocZone_0x108a9b000
	0x98c040a0 0x00007fb2 0x98c03d10 0x00007fb2 	.@.......=......
	0x98c040c0 0x00007fb2 0x01000006 0x000181a4 	.@..............
	0x001409ba 0x00000000 0x00001744 0x0000107a 	........D...z...
	0x00000000 0x00000000 0x5b6c3bd7 0x00000000 	.........;l[....
	0x00000000 0x00000000 0x5b6c3bd2 0x00000000 	.........;l[....
	0x00000000 0x00000000 0x5b6c3bd2 0x00000000 	.........;l[....
	0x00000000 0x00000000 0x5b6c3bd2 0x00000000 	.........;l[....
	0x00000000 0x00000000 0x00000630 0x00000000 	........0.......
	...
Leak: 0x7fb298c040a0  size=32  zone: DefaultMallocZone_0x108a9b000  length: 16  "handle_objects.o"
Leak: 0x7fb298c040c0  size=32  zone: DefaultMallocZone_0x108a9b000  length: 20  "obj/handle_objects.o"
Leak: 0x7fb298c040e0  size=192  zone: DefaultMallocZone_0x108a9b000
	0x98c03d40 0x00007fb2 0x98c041a0 0x00007fb2 	@=.......A......
	0x98c041c0 0x00007fb2 0x01000006 0x000181a4 	.A..............
	0x001409b6 0x00000000 0x00001744 0x0000107a 	........D...z...
	0x00000000 0x00000000 0x5b6c3bd7 0x00000000 	.........;l[....
	0x00000000 0x00000000 0x5b6c3bd2 0x00000000 	.........;l[....
	0x00000000 0x00000000 0x5b6c3bd2 0x00000000 	.........;l[....
	0x00000000 0x00000000 0x5b6c3bd2 0x00000000 	.........;l[....
	0x00000000 0x00000000 0x00000424 0x00000000 	........$.......
	...
Leak: 0x7fb298c041a0  size=16  zone: DefaultMallocZone_0x108a9b000  length: 3  "obj"
Leak: 0x7fb298c041b0  size=16  zone: DefaultMallocZone_0x108a9b000  length: 6  "quit.o"
Leak: 0x7fb298c041c0  size=16  zone: DefaultMallocZone_0x108a9b000  length: 10  "obj/main.o"
Leak: 0x7fb298c041d0  size=192  zone: DefaultMallocZone_0x108a9b000
	0x98c041b0 0x00007fb2 0x98c04290 0x00007fb2 	.A.......B......
	0x98c042b0 0x00007fb2 0x01000006 0x000181a4 	.B..............
	0x001409b8 0x00000000 0x00001744 0x0000107a 	........D...z...
	0x00000000 0x00000000 0x5b6c3bd7 0x00000000 	.........;l[....
	0x00000000 0x00000000 0x5b6c3bd2 0x00000000 	.........;l[....
	0x00000000 0x00000000 0x5b6c3bd2 0x00000000 	.........;l[....
	0x00000000 0x00000000 0x5b6c3bd2 0x00000000 	.........;l[....
	0x00000000 0x00000000 0x000003dc 0x00000000 	................
	...
Leak: 0x7fb298c04290  size=16  zone: DefaultMallocZone_0x108a9b000  length: 3  "obj"
Leak: 0x7fb298c042a0  size=16  zone: DefaultMallocZone_0x108a9b000  length: 11  "sort_list.o"
Leak: 0x7fb298c042b0  size=16  zone: DefaultMallocZone_0x108a9b000  length: 10  "obj/quit.o"
Leak: 0x7fb298c042c0  size=192  zone: DefaultMallocZone_0x108a9b000
	0x98c042a0 0x00007fb2 0x98c04380 0x00007fb2 	.B.......C......
	0x98c043a0 0x00007fb2 0x01000006 0x000181a4 	.C..............
	0x001409bd 0x00000000 0x00001744 0x0000107a 	........D...z...
	0x00000000 0x00000000 0x5b6c3bd7 0x00000000 	.........;l[....
	0x00000000 0x00000000 0x5b6c3bd2 0x00000000 	.........;l[....
	0x00000000 0x00000000 0x5b6c3bd2 0x00000000 	.........;l[....
	0x00000000 0x00000000 0x5b6c3bd2 0x00000000 	.........;l[....
	0x00000000 0x00000000 0x00000758 0x00000000 	........X.......
	...
Leak: 0x7fb298c04380  size=16  zone: DefaultMallocZone_0x108a9b000  length: 3  "obj"
Leak: 0x7fb298c04390  size=16  zone: DefaultMallocZone_0x108a9b000  length: 7  "swaps.o"
Leak: 0x7fb298c043a0  size=16  zone: DefaultMallocZone_0x108a9b000  length: 15  "obj/sort_list.o"
Leak: 0x7fb298c043b0  size=192  zone: DefaultMallocZone_0x108a9b000
	0x98c04390 0x00007fb2 0x98c04470 0x00007fb2 	.C......pD......
	0x98c04490 0x00007fb2 0x01000006 0x000181a4 	.D..............
	0x001409be 0x00000000 0x00001744 0x0000107a 	........D...z...
	0x00000000 0x00000000 0x5b6c3bd7 0x00000000 	.........;l[....
	0x00000000 0x00000000 0x5b6c3bd2 0x00000000 	.........;l[....
	0x00000000 0x00000000 0x5b6c3bd2 0x00000000 	.........;l[....
	0x00000000 0x00000000 0x5b6c3bd2 0x00000000 	.........;l[....
	0x00000000 0x00000000 0x000003b4 0x00000000 	................
	...
Leak: 0x7fb298c04470  size=16  zone: DefaultMallocZone_0x108a9b000  length: 3  "obj"
Leak: 0x7fb298c04480  size=16  zone: DefaultMallocZone_0x108a9b000  length: 8  "t_file.o"
Leak: 0x7fb298c04490  size=16  zone: DefaultMallocZone_0x108a9b000  length: 11  "obj/swaps.o"
Leak: 0x7fb298c044a0  size=192  zone: DefaultMallocZone_0x108a9b000
	0x98c04480 0x00007fb2 0x98c04560 0x00007fb2 	.D......`E......
	0x98c04580 0x00007fb2 0x01000006 0x000181a4 	.E..............
	0x001409bc 0x00000000 0x00001744 0x0000107a 	........D...z...
	0x00000000 0x00000000 0x5b6c3bd7 0x00000000 	.........;l[....
	0x00000000 0x00000000 0x5b6c3bd2 0x00000000 	.........;l[....
	0x00000000 0x00000000 0x5b6c3bd2 0x00000000 	.........;l[....
	0x00000000 0x00000000 0x5b6c3bd2 0x00000000 	.........;l[....
	0x00000000 0x00000000 0x000006e0 0x00000000 	................
	...
Leak: 0x7fb298c04560  size=16  zone: DefaultMallocZone_0x108a9b000  length: 3  "obj"
Leak: 0x7fb298c04570  size=16  zone: DefaultMallocZone_0x108a9b000  length: 7  "utils.o"
Leak: 0x7fb298c04580  size=16  zone: DefaultMallocZone_0x108a9b000  length: 12  "obj/t_file.o"
Leak: 0x7fb298c04590  size=192  zone: DefaultMallocZone_0x108a9b000
	0x98c04570 0x00007fb2 0x98c04650 0x00007fb2 	pE......PF......
	0x98c04670 0x00007fb2 0x01000006 0x000181a4 	pF..............
	0x001409b9 0x00000000 0x00001744 0x0000107a 	........D...z...
	0x00000000 0x00000000 0x5b6c3bd7 0x00000000 	.........;l[....
	0x00000000 0x00000000 0x5b6c3bd2 0x00000000 	.........;l[....
	0x00000000 0x00000000 0x5b6c3bd2 0x00000000 	.........;l[....
	0x00000000 0x00000000 0x5b6c3bd2 0x00000000 	.........;l[....
	0x00000000 0x00000000 0x00000310 0x00000000 	................
	...
Leak: 0x7fb298c04650  size=16  zone: DefaultMallocZone_0x108a9b000  length: 3  "obj"
Leak: 0x7fb298c04670  size=16  zone: DefaultMallocZone_0x108a9b000  length: 11  "obj/utils.o"
Leak: 0x7fb299001000  size=4096  zone: DefaultMallocZone_0x108a9b000
	0x00000000 0x00000000 0x00000000 0x00000000 	................
	0x00000000 0x00000000 0x00000000 0x00000000 	................
	0x00000000 0x00000000 0x00000000 0x00000000 	................
	0x00000000 0x00000000 0x00000000 0x00000000 	................
	0x00000000 0x00000000 0x00000000 0x00000000 	................
	0x00000000 0x00000000 0x00000000 0x00000000 	................
	0x00000000 0x00000000 0x00000000 0x00000000 	................
	0x00000000 0x00000000 0x00000000 0x00000000 	................
	...
Leak: 0x7fb299002000  size=4096  zone: DefaultMallocZone_0x108a9b000
	0x00000000 0x00000000 0x00000000 0x00000000 	................
	0x00000000 0x00000000 0x00000000 0x00000000 	................
	0x00000000 0x00000000 0x00000000 0x00000000 	................
	0x00000000 0x00000000 0x00000000 0x00000000 	................
	0x00000000 0x00000000 0x00000000 0x00000000 	................
	0x00000000 0x00000000 0x00000000 0x00000000 	................
	0x00000000 0x00000000 0x00000000 0x00000000 	................
	0x00000000 0x00000000 0x00000000 0x00000000 	................
	...
Leak: 0x7fb299003000  size=4096  zone: DefaultMallocZone_0x108a9b000
	0x0012f8b9 0x00000000 0x00000001 0x00000000 	................
	0x00010018 0x00002e04 0x00000156 0x00000000 	........V.......
	0x00000002 0x00000000 0x00020018 0x002e2e04 	................
	0x0012f8ba 0x00000000 0x00000003 0x0012f931 	............1...
	0x00040020 0x69672e04 0x00000074 0x00000000 	 .....git.......
	0x0012f931 0x00000000 0x00000004 0x001338a9 	1............8..
	0x00060020 0x74756108 0x00726f68 0x00000000 	 ....author.....
	0x001338a9 0x00000000 0x00000005 0x001335cc 	.8...........5..
	...
Leak: 0x7fb299004000  size=4096  zone: DefaultMallocZone_0x108a9b000
	0x001409b5 0x00000000 0x00000001 0x00000000 	................
	0x00010018 0x00002e04 0x0012f8b9 0x00000000 	................
	0x00000002 0x00000000 0x00020018 0x002e2e04 	................
	0x001409bb 0x00000000 0x00000003 0x001409b7 	................
	0x00110030 0x73696408 0x79616c70 0x6c6f635f 	0....display_col
	0x736e6d75 0x00006f2e 0x00000000 0x00000000 	umns.o..........
	0x001409b7 0x00000000 0x00000004 0x001409ba 	................
	0x00110030 0x616c6608 0x61765f67 0x6164696c 	0....flag_valida
	...
